<?xml version="1.0" encoding="UTF-8"?>
<testng-results ignored="0" total="1" passed="1" failed="0" skipped="0">
  <reporter-output>
  </reporter-output>
  <suite started-at="2022-04-02T09:59:47 IST" name="Default suite" finished-at="2022-04-02T09:59:49 IST" duration-ms="1749">
    <groups>
    </groups>
    <test started-at="2022-04-02T09:59:47 IST" name="Default test" finished-at="2022-04-02T09:59:49 IST" duration-ms="1749">
      <class name="day19.ExtentReportDemo">
        <test-method signature="test1()[pri:0, instance:day19.ExtentReportDemo@4229bb3f]" started-at="2022-04-02T09:59:47 IST" name="test1" finished-at="2022-04-02T09:59:49 IST" duration-ms="1598" status="PASS">
          <reporter-output>
          </reporter-output>
        </test-method> <!-- test1 -->
      </class> <!-- day19.ExtentReportDemo -->
    </test> <!-- Default test -->
  </suite> <!-- Default suite -->
</testng-results>
