<?xml version="1.0" encoding="UTF-8"?>
<!-- Generated by org.testng.reporters.JUnitXMLReporter -->
<testsuite ignored="4" hostname="DESKTOP-RT1RM8J" failures="0" tests="4" name="Test" time="0.214" errors="0" timestamp="2022-03-27T08:02:42 IST">
  <testcase classname="day18.DIffAnnotationDemo" name="myTest1" time="0.019"/>
  <testcase classname="day18.DIffAnnotationDemo" name="myTest2" time="0.005"/>
  <testcase classname="day18.DIffAnnotationDemo2" name="myTest3" time="0.002"/>
  <testcase classname="day18.DIffAnnotationDemo2" name="myTest4" time="0.003"/>
  <testcase classname="day18.BaseClass" name="@BeforeTest beforeTest" time="0.0">
    <ignored/>
  </testcase> <!-- @BeforeTest beforeTest -->
  <testcase classname="day18.BaseClass" name="@BeforeSuite beforeSuite" time="0.0">
    <ignored/>
  </testcase> <!-- @BeforeSuite beforeSuite -->
  <testcase classname="day18.BaseClass" name="@AfterTest afterTest" time="0.0">
    <ignored/>
  </testcase> <!-- @AfterTest afterTest -->
  <testcase classname="day18.BaseClass" name="@AfterSuite afterSuite" time="0.0">
    <ignored/>
  </testcase> <!-- @AfterSuite afterSuite -->
</testsuite> <!-- Test -->
