<?xml version="1.0" encoding="UTF-8"?>
<!-- Generated by org.testng.reporters.JUnitXMLReporter -->
<testsuite ignored="0" hostname="DESKTOP-RT1RM8J" failures="0" tests="8" name="SmokeTest" time="0.237" errors="0" timestamp="2022-03-26T08:43:21 IST">
  <testcase classname="day16.MyThirdTest" name="loginToApplication" time="0.015"/>
  <testcase classname="day16.MyThirdTest" name="addToCart" time="0.003"/>
  <testcase classname="day16.MyThirdTest" name="logout" time="0.004"/>
  <testcase classname="day16.MyFirstTestNG" name="test1" time="0.002"/>
  <testcase classname="day16.MyFirstTestNG" name="test2" time="0.002"/>
  <testcase classname="day16.MyFirstTestNG" name="test3" time="0.001"/>
  <testcase classname="day16.MySecondTest" name="f" time="0.004"/>
  <testcase classname="day16.MySecondTest" name="f" time="0.002"/>
</testsuite> <!-- SmokeTest -->
